Start testing: Aug 25 13:27 CEST
----------------------------------------------------------
1/1 Testing: simulation.t
1/1 Test: simulation.t
Command: "/home/gg/Downloads/Lotka-Volterra/build/Release/simulation.t"
Directory: /home/gg/Downloads/Lotka-Volterra/build
"simulation.t" start time: Aug 25 13:27 CEST
Output:
----------------------------------------------------------
[doctest] doctest version is "2.4.12"
[doctest] run with "--help" for options
===============================================================================
[doctest] test cases:  3 |  3 passed | 0 failed | 0 skipped
[doctest] assertions: 11 | 11 passed | 0 failed |
[doctest] Status: SUCCESS!
<end of output>
Test time =   0.00 sec
----------------------------------------------------------
Test Passed.
"simulation.t" end time: Aug 25 13:27 CEST
"simulation.t" time elapsed: 00:00:00
----------------------------------------------------------

End testing: Aug 25 13:27 CEST
