Start testing: Sep 09 09:23 CEST
----------------------------------------------------------
1/1 Testing: simulation.t
1/1 Test: simulation.t
Command: "/home/simo-06/Lotka-Volterra/build/Release/simulation.t"
Directory: /home/simo-06/Lotka-Volterra/build
"simulation.t" start time: Sep 09 09:23 CEST
Output:
----------------------------------------------------------
[doctest] doctest version is "2.4.12"
[doctest] run with "--help" for options
===============================================================================
[doctest] test cases:  3 |  3 passed | 0 failed | 0 skipped
[doctest] assertions: 12 | 12 passed | 0 failed |
[doctest] Status: SUCCESS!
<end of output>
Test time =   0.00 sec
----------------------------------------------------------
Test Passed.
"simulation.t" end time: Sep 09 09:23 CEST
"simulation.t" time elapsed: 00:00:00
----------------------------------------------------------

End testing: Sep 09 09:23 CEST
